\BOOKMARK [1][-]{section*.1}{Personal and Contact Information}{}% 1
\BOOKMARK [1][-]{section*.2}{Research Interests}{}% 2
\BOOKMARK [1][-]{section*.3}{Employment}{}% 3
\BOOKMARK [1][-]{section*.4}{Education}{}% 4
\BOOKMARK [1][-]{section*.5}{Awards, Honors \046 Scholarships}{}% 5
\BOOKMARK [1][-]{section*.6}{Refereed Journal Publications}{}% 6
\BOOKMARK [1][-]{section*.7}{Publications Accepted or in Review}{}% 7
\BOOKMARK [1][-]{section*.8}{Review Papers}{}% 8
\BOOKMARK [1][-]{section*.9}{Publications in Conference Proceedings}{}% 9
\BOOKMARK [1][-]{section*.10}{Book Chapters}{}% 10
\BOOKMARK [1][-]{section*.11}{Media \046 Press}{}% 11
\BOOKMARK [1][-]{section*.12}{Conference, invited talks and colloquium presentations}{}% 12
\BOOKMARK [1][-]{section*.13}{Conference Posters}{}% 13
\BOOKMARK [1][-]{section*.14}{Visits}{}% 14
\BOOKMARK [1][-]{section*.15}{Mentoring}{}% 15
\BOOKMARK [1][-]{section*.16}{Teaching Experience}{}% 16
\BOOKMARK [1][-]{section*.17}{Professional Service}{}% 17
\BOOKMARK [1][-]{section*.18}{Professional Memberships}{}% 18
\BOOKMARK [1][-]{section*.19}{Outreach and Service}{}% 19
\BOOKMARK [1][-]{section*.20}{Organization}{}% 20
\BOOKMARK [1][-]{section*.21}{Computational Skills}{}% 21
\BOOKMARK [1][-]{section*.22}{Languages}{}% 22
\BOOKMARK [1][-]{section*.23}{More \040Information}{}% 23
